2019-01-17 15:59:23.682 ERROR 3292 --- [restartedMain] o.s.b.c.l.LoggingApplicationListener     : Cannot set level 'INFO${WEB_LOGLEVEL}' for 'org.springframework.web'
2019-01-17 15:59:23.691 ERROR 3292 --- [restartedMain] o.s.b.c.l.LoggingApplicationListener     : Cannot set level 'DEBUG${TRIBES_LOGLEVEL}' for 'com.tribesbackend.tribes'
2019-01-17 15:59:23.691 ERROR 3292 --- [restartedMain] o.s.b.c.l.LoggingApplicationListener     : Cannot set level 'ERROR${HIBERNATE_LOGLEVEL}' for 'org.hibernate'
2019-01-17 15:59:23.827  INFO 3292 --- [restartedMain] c.t.tribes.TribesApplication             : Starting TribesApplication on DESKTOP-1TLDB2P with PID 3292 (C:\Users\jiris\vulpes-tribes-backend\out\production\classes started by jiris in C:\Users\jiris\vulpes-tribes-backend)
2019-01-17 15:59:23.828  INFO 3292 --- [restartedMain] c.t.tribes.TribesApplication             : No active profile set, falling back to default profiles: default
2019-01-17 15:59:24.327  INFO 3292 --- [restartedMain] .e.DevToolsPropertyDefaultsPostProcessor : Devtools property defaults active! Set 'spring.devtools.add-properties' to 'false' to disable
2019-01-17 15:59:24.327  INFO 3292 --- [restartedMain] .e.DevToolsPropertyDefaultsPostProcessor : For additional web related logging consider setting the 'logging.level.web' property to 'DEBUG'
2019-01-17 15:59:25.351  INFO 3292 --- [restartedMain] .s.d.r.c.RepositoryConfigurationDelegate : Bootstrapping Spring Data repositories in DEFAULT mode.
2019-01-17 15:59:25.498  INFO 3292 --- [restartedMain] .s.d.r.c.RepositoryConfigurationDelegate : Finished Spring Data repository scanning in 137ms. Found 5 repository interfaces.
2019-01-17 15:59:26.024  INFO 3292 --- [restartedMain] trationDelegate$BeanPostProcessorChecker : Bean 'org.springframework.transaction.annotation.ProxyTransactionManagementConfiguration' of type [org.springframework.transaction.annotation.ProxyTransactionManagementConfiguration$$EnhancerBySpringCGLIB$$a33dc196] is not eligible for getting processed by all BeanPostProcessors (for example: not eligible for auto-proxying)
2019-01-17 15:59:26.580  INFO 3292 --- [restartedMain] o.s.b.w.embedded.tomcat.TomcatWebServer  : Tomcat initialized with port(s): 8090 (http)
2019-01-17 15:59:26.617  INFO 3292 --- [restartedMain] o.apache.catalina.core.StandardService   : Starting service [Tomcat]
2019-01-17 15:59:26.618  INFO 3292 --- [restartedMain] org.apache.catalina.core.StandardEngine  : Starting Servlet Engine: Apache Tomcat/9.0.13
2019-01-17 15:59:26.626  INFO 3292 --- [restartedMain] o.a.catalina.core.AprLifecycleListener   : The APR based Apache Tomcat Native library which allows optimal performance in production environments was not found on the java.library.path: [C:\Program Files\Java\jdk1.8.0_181\bin;C:\WINDOWS\Sun\Java\bin;C:\WINDOWS\system32;C:\WINDOWS;C:\Program Files (x86)\Common Files\Oracle\Java\javapath;C:\Program Files (x86)\Intel\Intel(R) Management Engine Components\iCLS\;C:\Program Files\Intel\Intel(R) Management Engine Components\iCLS\;C:\Program Files\Microsoft MPI\Bin\;C:\WINDOWS\system32;C:\WINDOWS;C:\WINDOWS\System32\Wbem;C:\WINDOWS\System32\WindowsPowerShell\v1.0\;C:\Program Files\Microsoft VS Code\bin;C:\Program Files\dotnet\;C:\Program Files\Microsoft SQL Server\130\Tools\Binn\;C:\Program Files (x86)\Intel\Intel(R) Management Engine Components\DAL;C:\Program Files\Intel\Intel(R) Management Engine Components\DAL;C:\Program Files (x86)\Intel\Intel(R) Management Engine Components\IPT;C:\Program Files\Intel\Intel(R) Management Engine Components\IPT;C:\Program Files\Git\cmd;C:\WINDOWS\System32\OpenSSH\;C:\Users\jiris\Anaconda3;C:\Users\jiris\Anaconda3\Library\mingw-w64\bin;C:\Users\jiris\Anaconda3\Library\usr\bin;C:\Users\jiris\Anaconda3\Library\bin;C:\Users\jiris\Anaconda3\Scripts;C:\Users\jiris\AppData\Local\Microsoft\WindowsApps;C:\Program Files\heroku\bin;.]
2019-01-17 15:59:26.798  INFO 3292 --- [restartedMain] o.a.c.c.C.[Tomcat].[localhost].[/]       : Initializing Spring embedded WebApplicationContext
2019-01-17 15:59:26.798  INFO 3292 --- [restartedMain] o.s.web.context.ContextLoader            : Root WebApplicationContext: initialization completed in 2470 ms
2019-01-17 15:59:26.967  INFO 3292 --- [restartedMain] o.f.c.internal.license.VersionPrinter    : Flyway Community Edition 5.2.3 by Boxfuse
2019-01-17 15:59:27.535  INFO 3292 --- [restartedMain] o.f.c.internal.database.DatabaseFactory  : Database: jdbc:mysql://localhost:3306/USERSERVICE (MySQL 8.0)
2019-01-17 15:59:27.669  INFO 3292 --- [restartedMain] o.f.core.internal.command.DbValidate     : Successfully validated 8 migrations (execution time 00:00.042s)
2019-01-17 15:59:27.689  INFO 3292 --- [restartedMain] o.f.core.internal.command.DbMigrate      : Current version of schema `USERSERVICE`: 8
2019-01-17 15:59:27.691  INFO 3292 --- [restartedMain] o.f.core.internal.command.DbMigrate      : Schema `USERSERVICE` is up to date. No migration necessary.
2019-01-17 15:59:27.947  INFO 3292 --- [restartedMain] o.hibernate.jpa.internal.util.LogHelper  : HHH000204: Processing PersistenceUnitInfo [
	name: default
	...]
2019-01-17 15:59:28.093  INFO 3292 --- [restartedMain] org.hibernate.Version                    : HHH000412: Hibernate Core {5.3.7.Final}
2019-01-17 15:59:28.095  INFO 3292 --- [restartedMain] org.hibernate.cfg.Environment            : HHH000206: hibernate.properties not found
2019-01-17 15:59:28.369  INFO 3292 --- [restartedMain] o.hibernate.annotations.common.Version   : HCANN000001: Hibernate Commons Annotations {5.0.4.Final}
2019-01-17 15:59:28.611  INFO 3292 --- [restartedMain] org.hibernate.dialect.Dialect            : HHH000400: Using dialect: org.hibernate.dialect.MySQL5Dialect
2019-01-17 15:59:29.550  INFO 3292 --- [restartedMain] j.LocalContainerEntityManagerFactoryBean : Initialized JPA EntityManagerFactory for persistence unit 'default'
2019-01-17 15:59:30.465  INFO 3292 --- [restartedMain] o.s.s.web.DefaultSecurityFilterChain     : Creating filter chain: any request, [org.springframework.security.web.context.request.async.WebAsyncManagerIntegrationFilter@7821c295, org.springframework.security.web.context.SecurityContextPersistenceFilter@1ac779b8, org.springframework.security.web.header.HeaderWriterFilter@4e62db3c, org.springframework.security.web.authentication.logout.LogoutFilter@3bac38e7, org.springframework.security.web.authentication.UsernamePasswordAuthenticationFilter@17e19ab, org.springframework.security.web.authentication.ui.DefaultLoginPageGeneratingFilter@15d898c, org.springframework.security.web.authentication.ui.DefaultLogoutPageGeneratingFilter@30330dbe, org.springframework.security.web.authentication.www.BasicAuthenticationFilter@15bfd38c, org.springframework.security.web.savedrequest.RequestCacheAwareFilter@587956c4, org.springframework.security.web.servletapi.SecurityContextHolderAwareRequestFilter@2d45cf72, org.springframework.security.web.authentication.AnonymousAuthenticationFilter@57563123, org.springframework.security.web.session.SessionManagementFilter@416e3294, org.springframework.security.web.access.ExceptionTranslationFilter@1a58aa82, org.springframework.security.web.access.intercept.FilterSecurityInterceptor@e12ac7a]
2019-01-17 15:59:30.480  WARN 3292 --- [restartedMain] aWebConfiguration$JpaWebMvcConfiguration : spring.jpa.open-in-view is enabled by default. Therefore, database queries may be performed during view rendering. Explicitly configure spring.jpa.open-in-view to disable this warning
2019-01-17 15:59:30.796  WARN 3292 --- [restartedMain] .b.a.g.t.GroovyTemplateAutoConfiguration : Cannot find template location: classpath:/templates/ (please add some templates, check your Groovy configuration, or set spring.groovy.template.check-template-location=false)
2019-01-17 15:59:31.137  INFO 3292 --- [restartedMain] o.s.b.d.a.OptionalLiveReloadServer       : LiveReload server is running on port 35729
2019-01-17 15:59:31.193  INFO 3292 --- [restartedMain] o.s.b.w.embedded.tomcat.TomcatWebServer  : Tomcat started on port(s): 8090 (http) with context path ''
2019-01-17 15:59:31.195  INFO 3292 --- [restartedMain] c.t.tribes.TribesApplication             : Started TribesApplication in 7.899 seconds (JVM running for 9.373)
2019-01-17 15:59:57.765  INFO 3292 --- [http-nio-8090-exec-1] o.a.c.c.C.[Tomcat].[localhost].[/]       : Initializing Spring DispatcherServlet 'dispatcherServlet'
2019-01-17 15:59:57.766  INFO 3292 --- [http-nio-8090-exec-1] o.s.web.servlet.DispatcherServlet        : Initializing Servlet 'dispatcherServlet'
2019-01-17 15:59:57.775  INFO 3292 --- [http-nio-8090-exec-1] o.s.web.servlet.DispatcherServlet        : Completed initialization in 9 ms
2019-01-17 15:59:57.823  INFO 3292 --- [http-nio-8090-exec-1] c.t.t.t.c.MockResourcesController        : hello
